Removed Pin From Net: NetName=VDD Pin=C1-1
Removed Pin From Net: NetName=GND Pin=C2-1
Removed Pin From Net: NetName=GND Pin=D1-2
Removed Pin From Net: NetName=SPI_CSN Pin=U1-1
Removed Pin From Net: NetName=SPI_MOSI Pin=U1-5
Removed Pin From Net: NetName=SPI_MISO Pin=U1-6
Removed Pin From Net: NetName=SPI_SCLK Pin=U1-7
Removed Member From Class: ClassName=MT6816_Angle_Encoder Member=D1
Removed Member From Class: ClassName=MT6816_Angle_Encoder Member=R1
Change Footprint: Footprint Not Found qfn-16-l3.0-w3.0-p0.50-tl-ep1.7
Change Component Comment : Designator=C3 Old Comment=0.1uf New Comment=1uF
Change Component Comment : Designator=C4 Old Comment=0.1uf New Comment=100nF
Change Component Comment : Designator=C2 Old Comment=1uf New Comment=100nF
Change Component Comment : Designator=U1 Old Comment=MT6816CT-STD New Comment=MA600
Added Component: Designator=C?(1210)
Added Pin To Net: NetName=GND Pin=C2-2
Added Pin To Net: NetName=VDD Pin=C?-1
Added Pin To Net: NetName=GND Pin=C?-2
Added Pin To Net: NetName=SPI_MOSI Pin=U1-4
Added Pin To Net: NetName=SPI_CSN Pin=U1-5
Added Pin To Net: NetName=SPI_MISO Pin=U1-7
Add Pin To Net: Unknown Pin: Pin U1-12
Added Pin To Net: NetName=+3.3 Pin=C1-1
Added Pin To Net: NetName=+3.3 Pin=C2-1
Added Pin To Net: NetName=+3.3 Pin=C3-2
Added Pin To Net: NetName=+3.3 Pin=C4-2
Added Pin To Net: NetName=+3.3 Pin=Q1-2
Added Net: Name=+3.3
Change Class Name : Old Net Name=MT6816_Angle_Encoder New Net Name=MA600_Angle_Encoder
Added Member To Class: ClassName=MA600_Angle_Encoder Member=Component C1 1uF
Added Member To Class: ClassName=MA600_Angle_Encoder Member=Component C2 100nF
Added Member To Class: ClassName=MA600_Angle_Encoder Member=Component C? 10uF
Added Member To Class: ClassName=MA600_Angle_Encoder Member=Component U1 MA600
